<?xml version="1.0" encoding="UTF-8"?>
<!-- Generated by org.testng.reporters.JUnitReportReporter -->
<testsuite hostname="PureBook-S14" failures="0" tests="4" name="testng.SimpleAnnotations" time="0.008" errors="0" timestamp="2022-11-15T11:56:06 IST" skipped="0">
  <testcase classname="testng.SimpleAnnotations" name="men" time="0.004"/>
  <system-out/>
  <testcase classname="testng.SimpleAnnotations" name="Kids" time="0.001"/>
  <system-out/>
  <testcase classname="testng.SimpleAnnotations" name="women" time="0.002"/>
  <system-out/>
  <testcase classname="testng.SimpleAnnotations" name="women" time="0.001"/>
  <system-out/>
</testsuite> <!-- testng.SimpleAnnotations -->
