<?xml version="1.0" encoding="UTF-8"?>
<!-- Generated by org.testng.reporters.JUnitReportReporter -->
<testsuite hostname="PureBook-S14" failures="0" tests="6" name="testng.IgnoreConcept" time="0.008" errors="0" timestamp="2022-11-16T12:01:46 IST" skipped="1">
  <testcase classname="testng.IgnoreConcept" name="ChickenRice" time="0.006"/>
  <system-out/>
  <testcase classname="testng.IgnoreConcept" name="Momos" time="0.000"/>
  <system-out/>
  <testcase classname="testng.IgnoreConcept" name="Tab" time="0.001"/>
  <system-out/>
  <testcase classname="testng.IgnoreConcept" name="Mobile" time="0.001"/>
  <system-out/>
  <testcase classname="testng.IgnoreConcept" name="EggRice" time="0.000"/>
  <system-out/>
  <testcase classname="testng.IgnoreConcept" name="Briyani">
    <skipped/>
  </testcase> <!-- Briyani -->
  <system-out/>
</testsuite> <!-- testng.IgnoreConcept -->
