<?xml version="1.0" encoding="UTF-8"?>
<!-- Generated by org.testng.reporters.JUnitReportReporter -->
<testsuite hostname="DESKTOP-KJUS8R9" failures="0" tests="5" name="com.testng.GroupingCon" time="0.011" errors="0" timestamp="2023-05-24T09:59:07 IST" skipped="0">
  <testcase classname="com.testng.GroupingCon" name="Gril" time="0.001"/>
  <system-out/>
  <testcase classname="com.testng.GroupingCon" name="ChickenRice" time="0.001"/>
  <system-out/>
  <testcase classname="com.testng.GroupingCon" name="EggRice" time="0.001"/>
  <system-out/>
  <testcase classname="com.testng.GroupingCon" name="Briyani" time="0.007"/>
  <system-out/>
  <testcase classname="com.testng.GroupingCon" name="Momos" time="0.001"/>
  <system-out/>
</testsuite> <!-- com.testng.GroupingCon -->
