<?xml version="1.0" encoding="UTF-8"?>
<!-- Generated by org.testng.reporters.JUnitReportReporter -->
<testsuite hostname="DESKTOP-KJUS8R9" failures="0" tests="4" name="com.testng.SimpleAnnotations" time="0.008" errors="0" timestamp="2023-05-18T06:46:16 IST" skipped="0">
  <testcase classname="com.testng.SimpleAnnotations" name="men" time="0.005"/>
  <system-out/>
  <testcase classname="com.testng.SimpleAnnotations" name="women" time="0.001"/>
  <system-out/>
  <testcase classname="com.testng.SimpleAnnotations" name="Kids" time="0.001"/>
  <system-out/>
  <testcase classname="com.testng.SimpleAnnotations" name="women" time="0.001"/>
  <system-out/>
</testsuite> <!-- com.testng.SimpleAnnotations -->
