<?xml version="1.0" encoding="UTF-8"?>
<!-- Generated by org.testng.reporters.JUnitReportReporter -->
<testsuite hostname="DESKTOP-KJUS8R9" failures="0" tests="5" name="com.testng.Simple" time="0.010" errors="0" timestamp="2023-05-18T10:55:17 IST" skipped="0">
  <testcase classname="com.testng.Simple" name="men" time="0.004"/>
  <system-out/>
  <testcase classname="com.testng.Simple" name="Kids" time="0.001"/>
  <system-out/>
  <testcase classname="com.testng.Simple" name="Kids" time="0.001"/>
  <system-out/>
  <testcase classname="com.testng.Simple" name="Kids" time="0.002"/>
  <system-out/>
  <testcase classname="com.testng.Simple" name="women" time="0.002"/>
  <system-out/>
</testsuite> <!-- com.testng.Simple -->
