<?xml version="1.0" encoding="UTF-8"?>
<!-- Generated by org.testng.reporters.JUnitReportReporter -->
<testsuite hostname="DESKTOP-KJUS8R9" failures="0" tests="2" name="com.testng.Dependencycon" time="0.013" errors="0" timestamp="2023-05-25T07:12:57 IST" skipped="0">
  <testcase classname="com.testng.Dependencycon" name="login" time="0.012"/>
  <system-out/>
  <testcase classname="com.testng.Dependencycon" name="credentials" time="0.001"/>
  <system-out/>
</testsuite> <!-- com.testng.Dependencycon -->
