<?xml version="1.0" encoding="UTF-8"?>
<!-- Generated by org.testng.reporters.JUnitReportReporter -->
<testsuite hostname="DESKTOP-KJUS8R9" failures="0" tests="3" name="com.testng.CrossBrowser" time="15.515" errors="0" timestamp="2023-05-24T09:42:18 IST" skipped="0">
  <testcase classname="com.testng.CrossBrowser" name="chrome" time="4.191"/>
  <system-out/>
  <testcase classname="com.testng.CrossBrowser" name="edge" time="4.303"/>
  <system-out/>
  <testcase classname="com.testng.CrossBrowser" name="firefox" time="7.021"/>
  <system-out/>
</testsuite> <!-- com.testng.CrossBrowser -->
