<?xml version="1.0" encoding="UTF-8"?>
<!-- Generated by org.testng.reporters.JUnitReportReporter -->
<testsuite hostname="DESKTOP-KJUS8R9" failures="0" tests="4" name="com.testng.DataproviderCon" time="0.010" errors="0" timestamp="2023-05-26T08:39:45 IST" skipped="0">
  <testcase classname="com.testng.DataproviderCon" name="credentials" time="0.000"/>
  <system-out/>
  <testcase classname="com.testng.DataproviderCon" name="credentials" time="0.001"/>
  <system-out/>
  <testcase classname="com.testng.DataproviderCon" name="credentials" time="0.000"/>
  <system-out/>
  <testcase classname="com.testng.DataproviderCon" name="credentials" time="0.009"/>
  <system-out/>
</testsuite> <!-- com.testng.DataproviderCon -->
