<?xml version="1.0" encoding="UTF-8"?>
<!-- Generated by org.testng.reporters.JUnitReportReporter -->
<testsuite hostname="DESKTOP-KJUS8R9" failures="0" tests="6" name="com.testng.IgnoreConcept" time="0.006" errors="0" timestamp="2023-05-24T08:46:43 IST" skipped="1">
  <testcase classname="com.testng.IgnoreConcept" name="ChickenRice" time="0.004"/>
  <system-out/>
  <testcase classname="com.testng.IgnoreConcept" name="Mobile" time="0.001"/>
  <system-out/>
  <testcase classname="com.testng.IgnoreConcept" name="Tab" time="0.000"/>
  <system-out/>
  <testcase classname="com.testng.IgnoreConcept" name="EggRice" time="0.001"/>
  <system-out/>
  <testcase classname="com.testng.IgnoreConcept" name="Momos" time="0.000"/>
  <system-out/>
  <testcase classname="com.testng.IgnoreConcept" name="Briyani">
    <skipped/>
  </testcase> <!-- Briyani -->
  <system-out/>
</testsuite> <!-- com.testng.IgnoreConcept -->
