<?xml version="1.0" encoding="UTF-8"?>
<!-- Generated by org.testng.reporters.JUnitReportReporter -->
<testsuite hostname="DESKTOP-KJUS8R9" failures="0" tests="2" name="com.testng.ParellelTsting" time="0.018" errors="0" timestamp="2023-05-23T09:28:28 IST" skipped="0">
  <testcase classname="com.testng.ParellelTsting" name="facebook" time="0.009"/>
  <system-out/>
  <testcase classname="com.testng.ParellelTsting" name="flipcart" time="0.009"/>
  <system-out/>
</testsuite> <!-- com.testng.ParellelTsting -->
