<?xml version="1.0" encoding="UTF-8"?>
<!-- Generated by org.testng.reporters.JUnitReportReporter -->
<testsuite hostname="DESKTOP-KJUS8R9" failures="0" tests="6" name="com.testng.group" time="0.010" errors="0" timestamp="2023-05-24T09:46:53 IST" skipped="0">
  <testcase classname="com.testng.group" name="Watch1" time="0.001"/>
  <system-out/>
  <testcase classname="com.testng.group" name="Wood" time="0.001"/>
  <system-out/>
  <testcase classname="com.testng.group" name="Egg" time="0.005"/>
  <system-out/>
  <testcase classname="com.testng.group" name="Rice" time="0.001"/>
  <system-out/>
  <testcase classname="com.testng.group" name="Wood1" time="0.001"/>
  <system-out/>
  <testcase classname="com.testng.group" name="Electronics" time="0.001"/>
  <system-out/>
</testsuite> <!-- com.testng.group -->
