<?xml version="1.0" encoding="UTF-8"?>
<!-- Generated by org.testng.reporters.JUnitReportReporter -->
<testsuite hostname="DESKTOP-KJUS8R9" failures="0" tests="1" name="com.testng.ParameterizedCon" time="0.005" errors="0" timestamp="2023-05-26T10:00:21 IST" skipped="0">
  <testcase classname="com.testng.ParameterizedCon" name="credentials" time="0.005"/>
  <system-out/>
</testsuite> <!-- com.testng.ParameterizedCon -->
