<?xml version="1.0" encoding="UTF-8"?>
<!-- Generated by org.testng.reporters.JUnitReportReporter -->
<testsuite hostname="DESKTOP-KJUS8R9" failures="0" tests="1" name="com.testng.ExpectedExceptionsCon" time="0.012" errors="0" timestamp="2023-05-26T09:23:05 IST" skipped="0">
  <testcase classname="com.testng.ExpectedExceptionsCon" name="demo" time="0.012"/>
  <system-out/>
</testsuite> <!-- com.testng.ExpectedExceptionsCon -->
