<?xml version="1.0" encoding="UTF-8"?>
<!-- Generated by org.testng.reporters.JUnitReportReporter -->
<testsuite hostname="DESKTOP-KJUS8R9" failures="0" tests="1" name="com.testng.SoftAssertCon" time="0.012" errors="0" timestamp="2023-05-24T08:47:39 IST" skipped="0">
  <testcase classname="com.testng.SoftAssertCon" name="demo" time="0.012"/>
  <system-out/>
</testsuite> <!-- com.testng.SoftAssertCon -->
